C:\USERS\DUHAAMIR\DOWNLOADS\FIRST\FIRST\FIRST\DEBUG\LIST.OBJ
C:\USERS\DUHAAMIR\DOWNLOADS\FIRST\FIRST\FIRST\DEBUG\MAIN.OBJ
C:\USERS\DUHAAMIR\DOWNLOADS\FIRST\FIRST\FIRST\DEBUG\VC110.PDB
C:\USERS\DUHAAMIR\DOWNLOADS\FIRST2\FIRST\FIRST\DEBUG\LIST.OBJ
C:\USERS\DUHAAMIR\DOWNLOADS\FIRST2\FIRST\FIRST\DEBUG\MAIN.OBJ
C:\USERS\DUHAAMIR\DOWNLOADS\FIRST2\FIRST\FIRST\DEBUG\VC110.PDB
J:\ראשון 29-05\C\FIRST3\FIRST\FIRST\DEBUG\LIST.OBJ
J:\ראשון 29-05\C\FIRST3\FIRST\FIRST\DEBUG\MAIN.OBJ
J:\ראשון 29-05\C\FIRST3\FIRST\FIRST\DEBUG\VC110.PDB
J:\AMIR1\תכנות_פרוצדורלי_(תשעו_א_162)_-_גבארה-2016-03-06\תכנות פרוצדורלי (תשעו_א_162) - גבארה\דוגמאות אמיר  C ושיעורים שלימדתי\C-29-05-2016-LINKED-LIST-POINTERS-STRUCT\FIRST3_SORT_LINKED_LIST\FIRST\FIRST\DEBUG\LIST.OBJ
J:\AMIR1\תכנות_פרוצדורלי_(תשעו_א_162)_-_גבארה-2016-03-06\תכנות פרוצדורלי (תשעו_א_162) - גבארה\דוגמאות אמיר  C ושיעורים שלימדתי\C-29-05-2016-LINKED-LIST-POINTERS-STRUCT\FIRST3_SORT_LINKED_LIST\FIRST\FIRST\DEBUG\MAIN.OBJ
J:\AMIR1\תכנות_פרוצדורלי_(תשעו_א_162)_-_גבארה-2016-03-06\תכנות פרוצדורלי (תשעו_א_162) - גבארה\דוגמאות אמיר  C ושיעורים שלימדתי\C-29-05-2016-LINKED-LIST-POINTERS-STRUCT\FIRST3_SORT_LINKED_LIST\FIRST\FIRST\DEBUG\VC110.PDB
C:\USERS\DUHAAMIR\DOWNLOADS\FIRST\FIRST\DEBUG\FIRST.ILK
C:\USERS\DUHAAMIR\DOWNLOADS\FIRST\FIRST\DEBUG\FIRST.EXE
C:\USERS\DUHAAMIR\DOWNLOADS\FIRST\FIRST\DEBUG\FIRST.PDB
C:\USERS\DUHAAMIR\DOWNLOADS\FIRST2\FIRST\DEBUG\FIRST.ILK
C:\USERS\DUHAAMIR\DOWNLOADS\FIRST2\FIRST\DEBUG\FIRST.EXE
C:\USERS\DUHAAMIR\DOWNLOADS\FIRST2\FIRST\DEBUG\FIRST.PDB
J:\ראשון 29-05\C\FIRST3\FIRST\DEBUG\FIRST.ILK
J:\ראשון 29-05\C\FIRST3\FIRST\DEBUG\FIRST.EXE
J:\ראשון 29-05\C\FIRST3\FIRST\DEBUG\FIRST.PDB
J:\amir1\תכנות_פרוצדורלי_(תשעו_א_162)_-_גבארה-2016-03-06\תכנות פרוצדורלי (תשעו_א_162) - גבארה\דוגמאות אמיר  C ושיעורים שלימדתי\C-29-05-2016-Linked-list-pointers-struct\first3_sort_linked_list\first\first\Debug\list.obj
J:\amir1\תכנות_פרוצדורלי_(תשעו_א_162)_-_גבארה-2016-03-06\תכנות פרוצדורלי (תשעו_א_162) - גבארה\דוגמאות אמיר  C ושיעורים שלימדתי\C-29-05-2016-Linked-list-pointers-struct\first3_sort_linked_list\first\first\Debug\main.obj
J:\amir1\תכנות_פרוצדורלי_(תשעו_א_162)_-_גבארה-2016-03-06\תכנות פרוצדורלי (תשעו_א_162) - גבארה\דוגמאות אמיר  C ושיעורים שלימדתי\C-29-05-2016-Linked-list-pointers-struct\first3_sort_linked_list\first\first\Debug\cl.command.1.tlog
J:\amir1\תכנות_פרוצדורלי_(תשעו_א_162)_-_גבארה-2016-03-06\תכנות פרוצדורלי (תשעו_א_162) - גבארה\דוגמאות אמיר  C ושיעורים שלימדתי\C-29-05-2016-Linked-list-pointers-struct\first3_sort_linked_list\first\first\Debug\CL.read.1.tlog
J:\amir1\תכנות_פרוצדורלי_(תשעו_א_162)_-_גבארה-2016-03-06\תכנות פרוצדורלי (תשעו_א_162) - גבארה\דוגמאות אמיר  C ושיעורים שלימדתי\C-29-05-2016-Linked-list-pointers-struct\first3_sort_linked_list\first\first\Debug\CL.write.1.tlog
J:\amir1\תכנות_פרוצדורלי_(תשעו_א_162)_-_גבארה-2016-03-06\תכנות פרוצדורלי (תשעו_א_162) - גבארה\דוגמאות אמיר  C ושיעורים שלימדתי\C-29-05-2016-Linked-list-pointers-struct\first3_sort_linked_list\first\first\Debug\link-cvtres.read.1.tlog
J:\amir1\תכנות_פרוצדורלי_(תשעו_א_162)_-_גבארה-2016-03-06\תכנות פרוצדורלי (תשעו_א_162) - גבארה\דוגמאות אמיר  C ושיעורים שלימדתי\C-29-05-2016-Linked-list-pointers-struct\first3_sort_linked_list\first\first\Debug\link-cvtres.write.1.tlog
J:\amir1\תכנות_פרוצדורלי_(תשעו_א_162)_-_גבארה-2016-03-06\תכנות פרוצדורלי (תשעו_א_162) - גבארה\דוגמאות אמיר  C ושיעורים שלימדתי\C-29-05-2016-Linked-list-pointers-struct\first3_sort_linked_list\first\first\Debug\link-rc.read.1.tlog
J:\amir1\תכנות_פרוצדורלי_(תשעו_א_162)_-_גבארה-2016-03-06\תכנות פרוצדורלי (תשעו_א_162) - גבארה\דוגמאות אמיר  C ושיעורים שלימדתי\C-29-05-2016-Linked-list-pointers-struct\first3_sort_linked_list\first\first\Debug\link-rc.write.1.tlog
J:\amir1\תכנות_פרוצדורלי_(תשעו_א_162)_-_גבארה-2016-03-06\תכנות פרוצדורלי (תשעו_א_162) - גבארה\דוגמאות אמיר  C ושיעורים שלימדתי\C-29-05-2016-Linked-list-pointers-struct\first3_sort_linked_list\first\first\Debug\link.1264-cvtres.read.1.tlog
J:\amir1\תכנות_פרוצדורלי_(תשעו_א_162)_-_גבארה-2016-03-06\תכנות פרוצדורלי (תשעו_א_162) - גבארה\דוגמאות אמיר  C ושיעורים שלימדתי\C-29-05-2016-Linked-list-pointers-struct\first3_sort_linked_list\first\first\Debug\link.1264-cvtres.write.1.tlog
J:\amir1\תכנות_פרוצדורלי_(תשעו_א_162)_-_גבארה-2016-03-06\תכנות פרוצדורלי (תשעו_א_162) - גבארה\דוגמאות אמיר  C ושיעורים שלימדתי\C-29-05-2016-Linked-list-pointers-struct\first3_sort_linked_list\first\first\Debug\link.1264-rc.read.1.tlog
J:\amir1\תכנות_פרוצדורלי_(תשעו_א_162)_-_גבארה-2016-03-06\תכנות פרוצדורלי (תשעו_א_162) - גבארה\דוגמאות אמיר  C ושיעורים שלימדתי\C-29-05-2016-Linked-list-pointers-struct\first3_sort_linked_list\first\first\Debug\link.1264-rc.write.1.tlog
J:\amir1\תכנות_פרוצדורלי_(תשעו_א_162)_-_גבארה-2016-03-06\תכנות פרוצדורלי (תשעו_א_162) - גבארה\דוגמאות אמיר  C ושיעורים שלימדתי\C-29-05-2016-Linked-list-pointers-struct\first3_sort_linked_list\first\first\Debug\link.1264.read.1.tlog
J:\amir1\תכנות_פרוצדורלי_(תשעו_א_162)_-_גבארה-2016-03-06\תכנות פרוצדורלי (תשעו_א_162) - גבארה\דוגמאות אמיר  C ושיעורים שלימדתי\C-29-05-2016-Linked-list-pointers-struct\first3_sort_linked_list\first\first\Debug\link.1264.write.1.tlog
J:\amir1\תכנות_פרוצדורלי_(תשעו_א_162)_-_גבארה-2016-03-06\תכנות פרוצדורלי (תשעו_א_162) - גבארה\דוגמאות אמיר  C ושיעורים שלימדתי\C-29-05-2016-Linked-list-pointers-struct\first3_sort_linked_list\first\first\Debug\link.5040-cvtres.read.1.tlog
J:\amir1\תכנות_פרוצדורלי_(תשעו_א_162)_-_גבארה-2016-03-06\תכנות פרוצדורלי (תשעו_א_162) - גבארה\דוגמאות אמיר  C ושיעורים שלימדתי\C-29-05-2016-Linked-list-pointers-struct\first3_sort_linked_list\first\first\Debug\link.5040-cvtres.write.1.tlog
J:\amir1\תכנות_פרוצדורלי_(תשעו_א_162)_-_גבארה-2016-03-06\תכנות פרוצדורלי (תשעו_א_162) - גבארה\דוגמאות אמיר  C ושיעורים שלימדתי\C-29-05-2016-Linked-list-pointers-struct\first3_sort_linked_list\first\first\Debug\link.5040-rc.read.1.tlog
J:\amir1\תכנות_פרוצדורלי_(תשעו_א_162)_-_גבארה-2016-03-06\תכנות פרוצדורלי (תשעו_א_162) - גבארה\דוגמאות אמיר  C ושיעורים שלימדתי\C-29-05-2016-Linked-list-pointers-struct\first3_sort_linked_list\first\first\Debug\link.5040-rc.write.1.tlog
J:\amir1\תכנות_פרוצדורלי_(תשעו_א_162)_-_גבארה-2016-03-06\תכנות פרוצדורלי (תשעו_א_162) - גבארה\דוגמאות אמיר  C ושיעורים שלימדתי\C-29-05-2016-Linked-list-pointers-struct\first3_sort_linked_list\first\first\Debug\link.5040.read.1.tlog
J:\amir1\תכנות_פרוצדורלי_(תשעו_א_162)_-_גבארה-2016-03-06\תכנות פרוצדורלי (תשעו_א_162) - גבארה\דוגמאות אמיר  C ושיעורים שלימדתי\C-29-05-2016-Linked-list-pointers-struct\first3_sort_linked_list\first\first\Debug\link.5040.write.1.tlog
J:\amir1\תכנות_פרוצדורלי_(תשעו_א_162)_-_גבארה-2016-03-06\תכנות פרוצדורלי (תשעו_א_162) - גבארה\דוגמאות אמיר  C ושיעורים שלימדתי\C-29-05-2016-Linked-list-pointers-struct\first3_sort_linked_list\first\first\Debug\link.5064-cvtres.read.1.tlog
J:\amir1\תכנות_פרוצדורלי_(תשעו_א_162)_-_גבארה-2016-03-06\תכנות פרוצדורלי (תשעו_א_162) - גבארה\דוגמאות אמיר  C ושיעורים שלימדתי\C-29-05-2016-Linked-list-pointers-struct\first3_sort_linked_list\first\first\Debug\link.5064-cvtres.write.1.tlog
J:\amir1\תכנות_פרוצדורלי_(תשעו_א_162)_-_גבארה-2016-03-06\תכנות פרוצדורלי (תשעו_א_162) - גבארה\דוגמאות אמיר  C ושיעורים שלימדתי\C-29-05-2016-Linked-list-pointers-struct\first3_sort_linked_list\first\first\Debug\link.5064-rc.read.1.tlog
J:\amir1\תכנות_פרוצדורלי_(תשעו_א_162)_-_גבארה-2016-03-06\תכנות פרוצדורלי (תשעו_א_162) - גבארה\דוגמאות אמיר  C ושיעורים שלימדתי\C-29-05-2016-Linked-list-pointers-struct\first3_sort_linked_list\first\first\Debug\link.5064-rc.write.1.tlog
J:\amir1\תכנות_פרוצדורלי_(תשעו_א_162)_-_גבארה-2016-03-06\תכנות פרוצדורלי (תשעו_א_162) - גבארה\דוגמאות אמיר  C ושיעורים שלימדתי\C-29-05-2016-Linked-list-pointers-struct\first3_sort_linked_list\first\first\Debug\link.5064.read.1.tlog
J:\amir1\תכנות_פרוצדורלי_(תשעו_א_162)_-_גבארה-2016-03-06\תכנות פרוצדורלי (תשעו_א_162) - גבארה\דוגמאות אמיר  C ושיעורים שלימדתי\C-29-05-2016-Linked-list-pointers-struct\first3_sort_linked_list\first\first\Debug\link.5064.write.1.tlog
J:\amir1\תכנות_פרוצדורלי_(תשעו_א_162)_-_גבארה-2016-03-06\תכנות פרוצדורלי (תשעו_א_162) - גבארה\דוגמאות אמיר  C ושיעורים שלימדתי\C-29-05-2016-Linked-list-pointers-struct\first3_sort_linked_list\first\first\Debug\link.9180-cvtres.read.1.tlog
J:\amir1\תכנות_פרוצדורלי_(תשעו_א_162)_-_גבארה-2016-03-06\תכנות פרוצדורלי (תשעו_א_162) - גבארה\דוגמאות אמיר  C ושיעורים שלימדתי\C-29-05-2016-Linked-list-pointers-struct\first3_sort_linked_list\first\first\Debug\link.9180-cvtres.write.1.tlog
J:\amir1\תכנות_פרוצדורלי_(תשעו_א_162)_-_גבארה-2016-03-06\תכנות פרוצדורלי (תשעו_א_162) - גבארה\דוגמאות אמיר  C ושיעורים שלימדתי\C-29-05-2016-Linked-list-pointers-struct\first3_sort_linked_list\first\first\Debug\link.9180-rc.read.1.tlog
J:\amir1\תכנות_פרוצדורלי_(תשעו_א_162)_-_גבארה-2016-03-06\תכנות פרוצדורלי (תשעו_א_162) - גבארה\דוגמאות אמיר  C ושיעורים שלימדתי\C-29-05-2016-Linked-list-pointers-struct\first3_sort_linked_list\first\first\Debug\link.9180-rc.write.1.tlog
J:\amir1\תכנות_פרוצדורלי_(תשעו_א_162)_-_גבארה-2016-03-06\תכנות פרוצדורלי (תשעו_א_162) - גבארה\דוגמאות אמיר  C ושיעורים שלימדתי\C-29-05-2016-Linked-list-pointers-struct\first3_sort_linked_list\first\first\Debug\link.9180.read.1.tlog
J:\amir1\תכנות_פרוצדורלי_(תשעו_א_162)_-_גבארה-2016-03-06\תכנות פרוצדורלי (תשעו_א_162) - גבארה\דוגמאות אמיר  C ושיעורים שלימדתי\C-29-05-2016-Linked-list-pointers-struct\first3_sort_linked_list\first\first\Debug\link.9180.write.1.tlog
J:\amir1\תכנות_פרוצדורלי_(תשעו_א_162)_-_גבארה-2016-03-06\תכנות פרוצדורלי (תשעו_א_162) - גבארה\דוגמאות אמיר  C ושיעורים שלימדתי\C-29-05-2016-Linked-list-pointers-struct\first3_sort_linked_list\first\first\Debug\link.command.1.tlog
J:\amir1\תכנות_פרוצדורלי_(תשעו_א_162)_-_גבארה-2016-03-06\תכנות פרוצדורלי (תשעו_א_162) - גבארה\דוגמאות אמיר  C ושיעורים שלימדתי\C-29-05-2016-Linked-list-pointers-struct\first3_sort_linked_list\first\first\Debug\link.read.1.tlog
J:\amir1\תכנות_פרוצדורלי_(תשעו_א_162)_-_גבארה-2016-03-06\תכנות פרוצדורלי (תשעו_א_162) - גבארה\דוגמאות אמיר  C ושיעורים שלימדתי\C-29-05-2016-Linked-list-pointers-struct\first3_sort_linked_list\first\first\Debug\link.write.1.tlog
J:\amir1\תכנות_פרוצדורלי_(תשעו_א_162)_-_גבארה-2016-03-06\תכנות פרוצדורלי (תשעו_א_162) - גבארה\דוגמאות אמיר  C ושיעורים שלימדתי\C-29-05-2016-Linked-list-pointers-struct\first3_sort_linked_list\first\first\Debug\vc110.idb
J:\amir1\תכנות_פרוצדורלי_(תשעו_א_162)_-_גבארה-2016-03-06\תכנות פרוצדורלי (תשעו_א_162) - גבארה\דוגמאות אמיר  C ושיעורים שלימדתי\C-29-05-2016-Linked-list-pointers-struct\first3_sort_linked_list\first\first\Debug\vc110.pdb
J:\amir1\תכנות_פרוצדורלי_(תשעו_א_162)_-_גבארה-2016-03-06\תכנות פרוצדורלי (תשעו_א_162) - גבארה\דוגמאות אמיר  C ושיעורים שלימדתי\C-29-05-2016-Linked-list-pointers-struct\first3_sort_linked_list\first\Debug\first.pdb
